<?xml version="1.0" encoding="UTF-8"?>
<!-- Generated by org.testng.reporters.JUnitXMLReporter -->
<testsuite ignored="0" hostname="DESKTOP-S5NN8IV" failures="0" tests="3" name="Default test" time="0.045" errors="0" timestamp="2024-05-27T14:15:21 IST">
  <testcase classname="Testt.TestData" name="Amozonlogin" time="0.005"/>
  <testcase classname="Testt.TestData" name="Amozonlogin" time="0.001"/>
  <testcase classname="Testt.TestData" name="Amozonlogin" time="0.0"/>
</testsuite> <!-- Default test -->
