<?xml version="1.0" encoding="UTF-8"?>
<!-- Generated by org.testng.reporters.JUnitXMLReporter -->
<testsuite ignored="1" hostname="DESKTOP-S5NN8IV" failures="0" tests="4" name="Car Loan" time="0.068" errors="0" timestamp="2024-05-27T19:44:12 IST">
  <testcase classname="Testt.sec" name="CarLoan" time="0.007"/>
  <testcase classname="Testt.sec" name="StuffLoan" time="0.004"/>
  <testcase classname="Testt.sec" name="homeLoan" time="0.001"/>
  <testcase classname="Testt.sec" name="laptopLoan" time="0.001"/>
  <testcase classname="Testt.sec" name="frezeLoan" time="0.0">
    <ignored/>
  </testcase> <!-- frezeLoan -->
</testsuite> <!-- Car Loan -->
