<?xml version="1.0" encoding="UTF-8"?>
<!-- Generated by org.testng.reporters.JUnitXMLReporter -->
<testsuite ignored="1" hostname="DESKTOP-S5NN8IV" failures="1" tests="4" name="CarLoan" time="0.033" errors="0" timestamp="2024-05-16T22:38:58 IST">
  <testcase classname="Testt.sec" name="CarLoan" time="0.0">
    <failure type="org.testng.TestNGException" message="
Parameter &amp;apos;APIKey/USERNAME&amp;apos; is required by @Test on method CarLoan but has not been marked @Optional or defined
in C:\Users\hp\eclipse-workspace\TestNGTutorial\testng.xml">
      <![CDATA[org.testng.TestNGException: 
Parameter 'APIKey/USERNAME' is required by @Test on method CarLoan but has not been marked @Optional or defined
in C:\Users\hp\eclipse-workspace\TestNGTutorial\testng.xml
at java.base/java.util.ArrayList.forEach(ArrayList.java:1511)
... Removed 26 stack frames]]>
    </failure>
  </testcase> <!-- CarLoan -->
  <testcase classname="Testt.sec" name="StuffLoan" time="0.015"/>
  <testcase classname="Testt.sec" name="homeLoan" time="0.001"/>
  <testcase classname="Testt.sec" name="laptopLoan" time="0.001"/>
  <testcase classname="Testt.sec" name="frezeLoan" time="0.0">
    <ignored/>
  </testcase> <!-- frezeLoan -->
</testsuite> <!-- CarLoan -->
