<?xml version="1.0" encoding="UTF-8"?>
<!-- Generated by org.testng.reporters.JUnitXMLReporter -->
<testsuite ignored="0" hostname="DESKTOP-S5NN8IV" failures="0" tests="7" name="lastname" time="0.068" errors="0" timestamp="2024-05-27T19:44:12 IST">
  <testcase classname="Testt.frist" name="firstname" time="0.006"/>
  <testcase classname="Testt.frist" name="lastname" time="0.001"/>
  <testcase classname="Testt.thrid" name="test1" time="0.001"/>
  <testcase classname="Testt.thrid" name="test2" time="0.001"/>
  <testcase classname="Testt.TestData" name="Amozonlogin" time="0.001"/>
  <testcase classname="Testt.TestData" name="Amozonlogin" time="0.0"/>
  <testcase classname="Testt.TestData" name="Amozonlogin" time="0.001"/>
</testsuite> <!-- lastname -->
