<?xml version="1.0" encoding="UTF-8"?>
<!-- Generated by org.testng.reporters.JUnitXMLReporter -->
<testsuite ignored="0" hostname="DESKTOP-S5NN8IV" failures="0" tests="4" name="lastname" time="0.084" errors="0" timestamp="2024-05-16T15:58:32 IST">
  <testcase classname="Testt.thrid" name="test1" time="0.011"/>
  <testcase classname="Testt.thrid" name="test2" time="0.002"/>
  <testcase classname="Testt.frist" name="firstname" time="0.002"/>
  <testcase classname="Testt.frist" name="lastname" time="0.001"/>
</testsuite> <!-- lastname -->
