<?xml version="1.0" encoding="UTF-8"?>
<!-- Generated by org.testng.reporters.JUnitXMLReporter -->
<testsuite ignored="1" hostname="DESKTOP-S5NN8IV" failures="0" tests="4" name="Loan" time="0.014" errors="0" timestamp="2024-05-16T15:58:32 IST">
  <testcase classname="Testt.sec" name="CarLoan" time="0.0"/>
  <testcase classname="Testt.sec" name="StuffLoan" time="0.006"/>
  <testcase classname="Testt.sec" name="homeLoan" time="0.0"/>
  <testcase classname="Testt.sec" name="laptopLoan" time="0.0"/>
  <testcase classname="Testt.sec" name="frezeLoan" time="0.0">
    <ignored/>
  </testcase> <!-- frezeLoan -->
</testsuite> <!-- Loan -->
