<?xml version="1.0" encoding="UTF-8"?>
<!-- Generated by org.testng.reporters.JUnitXMLReporter -->
<testsuite ignored="6" hostname="DESKTOP-S5NN8IV" failures="0" tests="3" name="regression" time="0.071" errors="0" timestamp="2024-04-20T10:23:15 IST">
  <testcase classname="Testt.thrid" name="test2" time="0.008"/>
  <testcase classname="Testt.sec" name="CarLoan" time="0.0"/>
  <testcase classname="Testt.frist" name="firstname" time="0.001"/>
  <testcase classname="Testt.sec" name="frezeLoan" time="0.0">
    <ignored/>
  </testcase> <!-- frezeLoan -->
  <testcase classname="Testt.sec" name="StuffLoan" time="0.0">
    <ignored/>
  </testcase> <!-- StuffLoan -->
  <testcase classname="Testt.frist" name="lastname" time="0.0">
    <ignored/>
  </testcase> <!-- lastname -->
  <testcase classname="Testt.sec" name="laptopLoan" time="0.0">
    <ignored/>
  </testcase> <!-- laptopLoan -->
  <testcase classname="Testt.sec" name="homeLoan" time="0.0">
    <ignored/>
  </testcase> <!-- homeLoan -->
  <testcase classname="Testt.thrid" name="test1" time="0.0">
    <ignored/>
  </testcase> <!-- test1 -->
</testsuite> <!-- regression -->
