<?xml version="1.0" encoding="UTF-8"?>
<!-- Generated by org.testng.reporters.JUnitXMLReporter -->
<testsuite ignored="0" hostname="DESKTOP-S5NN8IV" failures="0" tests="4" name="Test" time="0.05" errors="0" timestamp="2024-05-09T16:35:32 IST">
  <testcase classname="Testt.thrid" name="test1" time="0.005"/>
  <testcase classname="Testt.thrid" name="test2" time="0.0"/>
  <testcase classname="Testt.frist" name="firstname" time="0.001"/>
  <testcase classname="Testt.frist" name="lastname" time="0.001"/>
</testsuite> <!-- Test -->
